C51 COMPILER V9.60.0.0   READWRITETXRX_1                                                   04/21/2020 19:36:14 PAGE 1   


C51 COMPILER V9.60.0.0, COMPILATION OF MODULE READWRITETXRX_1
OBJECT MODULE PLACED IN .\Objects\readWriteTxRx.1.obj
COMPILER INVOKED BY: C:\Keil_v5\C51\BIN\C51.EXE readWriteTxRx.1.c OPTIMIZE(8,SPEED) BROWSE DEBUG OBJECTEXTEND PRINT(.\Li
                    -stings\readWriteTxRx.1.lst) TABS(2) OBJECT(.\Objects\readWriteTxRx.1.obj)

line level    source

   1          #include <reg51.h>
   2          
   3          
   4          void main(){
   5   1          P1 = 0xff;
   6   1          while(1){
   7   2              P2=P1;
   8   2          }
   9   1      }


MODULE INFORMATION:   STATIC OVERLAYABLE
   CODE SIZE        =      8    ----
   CONSTANT SIZE    =   ----    ----
   XDATA SIZE       =   ----    ----
   PDATA SIZE       =   ----    ----
   DATA SIZE        =   ----    ----
   IDATA SIZE       =   ----    ----
   BIT SIZE         =   ----    ----
END OF MODULE INFORMATION.


C51 COMPILATION COMPLETE.  0 WARNING(S),  0 ERROR(S)
