C51 COMPILER V9.60.0.0   COPY                                                              04/20/2020 20:34:50 PAGE 1   


C51 COMPILER V9.60.0.0, COMPILATION OF MODULE COPY
OBJECT MODULE PLACED IN .\Objects\copy.obj
COMPILER INVOKED BY: C:\Keil_v5\C51\BIN\C51.EXE copy.c OPTIMIZE(8,SPEED) BROWSE DEBUG OBJECTEXTEND PRINT(.\Listings\copy
                    -.lst) TABS(2) OBJECT(.\Objects\copy.obj)

line level    source

   1          /*
   2           * 8051_Serial_UART
   3           * http://www.electronicwings.com
   4           */
   5          
   6          #include <reg51.h>    /* Include x51 header file */
   7          
   8          void UART_Init()
   9          {
  10   1        TMOD = 0x20;    /* Timer 1, 8-bit auto reload mode */
  11   1        TH1 = 0xFD;   /* Load value for 9600 baud rate */
  12   1        SCON = 0x50;    /* Mode 1, reception enable */
  13   1        TR1 = 1;    /* Start timer 1 */
  14   1      }
  15          
  16          void Transmit_data(char tx_data)
  17          {
  18   1        SBUF = tx_data;   /* Load char in SBUF register */
  19   1        while (TI==0);    /* Wait until stop bit transmit */
  20   1        TI = 0;     /* Clear TI flag */
  21   1      }
  22          
  23          void String(char *str)
  24          {
  25   1        int i;
  26   1        for(i=0;str[i]!=0;i++)  /* Send each char of string till the NULL */
  27   1        {
  28   2          Transmit_data(str[i]);  /* Call transmit data function */
  29   2        }
  30   1      } 
  31          
  32          void main()
  33          {
  34   1        UART_Init();    /* UART initialize function */
  35   1        String("test");   /* Transmit 'test' */
  36   1        while(1);
  37   1      }


MODULE INFORMATION:   STATIC OVERLAYABLE
   CODE SIZE        =     75    ----
   CONSTANT SIZE    =      5    ----
   XDATA SIZE       =   ----    ----
   PDATA SIZE       =   ----    ----
   DATA SIZE        =   ----       3
   IDATA SIZE       =   ----    ----
   BIT SIZE         =   ----    ----
END OF MODULE INFORMATION.


C51 COMPILATION COMPLETE.  0 WARNING(S),  0 ERROR(S)
