C51 COMPILER V9.60.0.0   SERIALHELLO                                                       04/20/2020 20:38:19 PAGE 1   


C51 COMPILER V9.60.0.0, COMPILATION OF MODULE SERIALHELLO
OBJECT MODULE PLACED IN .\Objects\serialHello.obj
COMPILER INVOKED BY: C:\Keil_v5\C51\BIN\C51.EXE serialHello.c OPTIMIZE(8,SPEED) BROWSE DEBUG OBJECTEXTEND PRINT(.\Listin
                    -gs\serialHello.lst) TABS(2) OBJECT(.\Objects\serialHello.obj)

line level    source

   1          //serial communication, sending hello with a baud rate of 4800
   2          
   3          #include <reg51.h>
   4          
   5          
   6          
   7          void initialliseUART()
   8          {
   9   1        TH1 = -6;
  10   1        TL1 = -6;
  11   1        TMOD = 0x20;
  12   1        SCON = 0x40;
  13   1        TR1 = 1;
  14   1      }
  15          
  16          void transmit(char txData)
  17          {
  18   1        SBUF = txData;
  19   1        while (TI != 1);
  20   1        TI=0;
  21   1      }
  22          
  23          void myData(char *string)
  24          {
  25   1        int i;
  26   1        for (i=0;string[i]!=0;i++)
  27   1        {
  28   2          transmit(string[i]);
  29   2        }
  30   1      }
  31          
  32          
  33          
  34          void main()
  35          {
  36   1        initialliseUART();
  37   1        myData("Hello");
  38   1        while (1);
  39   1      }


MODULE INFORMATION:   STATIC OVERLAYABLE
   CODE SIZE        =     78    ----
   CONSTANT SIZE    =      6    ----
   XDATA SIZE       =   ----    ----
   PDATA SIZE       =   ----    ----
   DATA SIZE        =   ----       3
   IDATA SIZE       =   ----    ----
   BIT SIZE         =   ----    ----
END OF MODULE INFORMATION.


C51 COMPILATION COMPLETE.  0 WARNING(S),  0 ERROR(S)
