C51 COMPILER V9.60.0.0   FREQ10KHZ                                                         04/22/2020 21:52:54 PAGE 1   


C51 COMPILER V9.60.0.0, COMPILATION OF MODULE FREQ10KHZ
OBJECT MODULE PLACED IN .\Objects\freq10Khz.obj
COMPILER INVOKED BY: C:\Keil_v5\C51\BIN\C51.EXE freq10Khz.c OPTIMIZE(8,SPEED) BROWSE DEBUG OBJECTEXTEND PRINT(.\Listings
                    -\freq10Khz.lst) TABS(2) OBJECT(.\Objects\freq10Khz.obj)

line level    source

   1          
   2          
   3          
   4          
   5          #include<reg51.h>
   6          
   7          sbit pin = P1^4;
   8          
   9          void delay(){
  10   1          TH0 = 0xa4;
  11   1          TL0 = 0xa4;
  12   1          TR0 = 1;
  13   1          while(TF0 != 1){
  14   2              ;
  15   2          }
  16   1          TF0 = 0;
  17   1          TR0 = 0;
  18   1      }
  19          
  20          void main(){
  21   1          TMOD = 0x02;
  22   1          while (1)
  23   1          {
  24   2              pin = ~pin;
  25   2              delay();
  26   2          }
  27   1          
  28   1      }


MODULE INFORMATION:   STATIC OVERLAYABLE
   CODE SIZE        =     26    ----
   CONSTANT SIZE    =   ----    ----
   XDATA SIZE       =   ----    ----
   PDATA SIZE       =   ----    ----
   DATA SIZE        =   ----    ----
   IDATA SIZE       =   ----    ----
   BIT SIZE         =   ----    ----
END OF MODULE INFORMATION.


C51 COMPILATION COMPLETE.  0 WARNING(S),  0 ERROR(S)
